<?xml version="1.0" encoding="UTF-8"?>
<!-- Generated by org.testng.reporters.JUnitXMLReporter -->
<testsuite ignored="0" hostname="Pavans-MacBook-Air.local" failures="0" tests="4" name="Test" time="21.382" errors="0" timestamp="2025-07-10T10:51:05 IST">
  <testcase classname="com.Test.AutomationTest" name="Test1" time="11.552"/>
  <testcase classname="com.Test.AutomationTest" name="Test2" time="1.769"/>
  <testcase classname="com.Test.AutomationTest" name="Test3" time="0.338"/>
  <testcase classname="com.Test.AutomationTest" name="quit" time="0.113"/>
</testsuite> <!-- Test -->
