<?xml version="1.0" encoding="UTF-8"?>
<testng-results ignored="0" total="4" passed="4" failed="0" skipped="0">
  <reporter-output>
  </reporter-output>
  <suite started-at="2025-07-10T10:50:44 IST" name="Suite" finished-at="2025-07-10T10:51:05 IST" duration-ms="21382">
    <groups>
    </groups>
    <test started-at="2025-07-10T10:50:44 IST" name="Test" finished-at="2025-07-10T10:51:05 IST" duration-ms="21382">
      <class name="com.Test.AutomationTest">
        <test-method is-config="true" signature="launchBrowser()[pri:0, instance:com.Test.AutomationTest@4b5d6a01]" started-at="2025-07-10T10:50:44 IST" name="launchBrowser" finished-at="2025-07-10T10:50:51 IST" duration-ms="7554" status="PASS">
          <reporter-output>
          </reporter-output>
        </test-method> <!-- launchBrowser -->
        <test-method signature="Test1()[pri:0, instance:com.Test.AutomationTest@4b5d6a01]" started-at="2025-07-10T10:50:52 IST" name="Test1" finished-at="2025-07-10T10:51:03 IST" duration-ms="11552" status="PASS">
          <reporter-output>
          </reporter-output>
        </test-method> <!-- Test1 -->
        <test-method signature="Test2()[pri:0, instance:com.Test.AutomationTest@4b5d6a01]" started-at="2025-07-10T10:51:03 IST" name="Test2" finished-at="2025-07-10T10:51:05 IST" duration-ms="1769" status="PASS">
          <reporter-output>
          </reporter-output>
        </test-method> <!-- Test2 -->
        <test-method signature="Test3()[pri:0, instance:com.Test.AutomationTest@4b5d6a01]" started-at="2025-07-10T10:51:05 IST" name="Test3" finished-at="2025-07-10T10:51:05 IST" duration-ms="338" status="PASS">
          <reporter-output>
          </reporter-output>
        </test-method> <!-- Test3 -->
        <test-method signature="quit()[pri:0, instance:com.Test.AutomationTest@4b5d6a01]" started-at="2025-07-10T10:51:05 IST" name="quit" finished-at="2025-07-10T10:51:05 IST" duration-ms="113" status="PASS">
          <reporter-output>
          </reporter-output>
        </test-method> <!-- quit -->
      </class> <!-- com.Test.AutomationTest -->
    </test> <!-- Test -->
  </suite> <!-- Suite -->
</testng-results>
