<?xml version="1.0" encoding="UTF-8"?>
<testng-results ignored="0" total="4" passed="4" failed="0" skipped="0">
  <reporter-output>
  </reporter-output>
  <suite started-at="2025-07-10T10:30:18 IST" name="Suite" finished-at="2025-07-10T10:31:20 IST" duration-ms="61647">
    <groups>
    </groups>
    <test started-at="2025-07-10T10:30:18 IST" name="Test" finished-at="2025-07-10T10:31:20 IST" duration-ms="61647">
      <class name="com.Test.AutomationTest">
        <test-method is-config="true" signature="launchBrowser()[pri:0, instance:com.Test.AutomationTest@139982de]" started-at="2025-07-10T10:30:18 IST" name="launchBrowser" finished-at="2025-07-10T10:31:07 IST" duration-ms="48364" status="PASS">
          <reporter-output>
          </reporter-output>
        </test-method> <!-- launchBrowser -->
        <test-method signature="Test1()[pri:0, instance:com.Test.AutomationTest@139982de]" started-at="2025-07-10T10:31:07 IST" name="Test1" finished-at="2025-07-10T10:31:18 IST" duration-ms="10796" status="PASS">
          <reporter-output>
          </reporter-output>
        </test-method> <!-- Test1 -->
        <test-method signature="Test2()[pri:0, instance:com.Test.AutomationTest@139982de]" started-at="2025-07-10T10:31:18 IST" name="Test2" finished-at="2025-07-10T10:31:19 IST" duration-ms="1867" status="PASS">
          <reporter-output>
          </reporter-output>
        </test-method> <!-- Test2 -->
        <test-method signature="Test3()[pri:0, instance:com.Test.AutomationTest@139982de]" started-at="2025-07-10T10:31:19 IST" name="Test3" finished-at="2025-07-10T10:31:20 IST" duration-ms="444" status="PASS">
          <reporter-output>
          </reporter-output>
        </test-method> <!-- Test3 -->
        <test-method signature="quit()[pri:0, instance:com.Test.AutomationTest@139982de]" started-at="2025-07-10T10:31:20 IST" name="quit" finished-at="2025-07-10T10:31:20 IST" duration-ms="108" status="PASS">
          <reporter-output>
          </reporter-output>
        </test-method> <!-- quit -->
      </class> <!-- com.Test.AutomationTest -->
    </test> <!-- Test -->
  </suite> <!-- Suite -->
</testng-results>
